[INFO][int Simulation::configure(const char *)]: Start time: 0 (default)
[INFO][Module *Simulation::createModule(std::string)]: Creating Creator module
[DEBUG][../../src/Domain.cc:75 void Domain::addModule(Module *)]: Initialization stages: 0 -> 1
[INFO][int Simulation::configure(const char *)]: Initializing domain
[DEBUG][../../src/Domain.cc:38 int Domain::initialize(std::string)]: Initializing 1 modules, stage 1
[INFO][virtual void Creator::initialize(int)]: howMany 2
[INFO][Module *Simulation::createModule(std::string)]: Creating Dude module
[DEBUG][../../src/Domain.cc:75 void Domain::addModule(Module *)]: Initialization stages: 1 -> 2
[INFO][Module *Simulation::createModule(std::string)]: Creating Dude module
[DEBUG][../../src/Domain.cc:38 int Domain::initialize(std::string)]: Initializing 3 modules, stage 2
[INFO][void Simulation::run()]: Running ...
[DEBUG][./src/Dude.cc:31 virtual void Dude::handleEvent(Event *)]: Dude must die
[DEBUG][../../src/Domain.cc:116 void Domain::clearDeletedModules()]: Removing module from domain
[DEBUG][./src/Dude.cc:31 virtual void Dude::handleEvent(Event *)]: Dude must die
[DEBUG][../../src/Domain.cc:116 void Domain::clearDeletedModules()]: Removing module from domain
[INFO][void Simulation::run()]: Execution time 0.000008 seconds; 2 events; 250000 events/second; avg simsec/second 12500000.000000
[INFO][void Simulation::run()]: Empty FES
[INFO][void Simulation::reset()]: Removing config
[INFO][void Simulation::reset()]: Removing FES
[INFO][void Simulation::reset()]: Removing simulation domain
[DEBUG][../../src/Domain.cc:19 Domain::~Domain()]: Removing module from domain
