[INFO][int Simulation::configure(const char *)]: Start time: 0 (default)
[INFO][Module *Simulation::createModule(std::string)]: Creating Tictoc module
[DEBUG][../../src/Domain.cc:76 void Domain::addModule(Module *)]: Initialization stages: 0 -> 1
[INFO][Module *Simulation::createModule(std::string)]: Creating Tictoc module
[INFO][int Simulation::configure(const char *)]: Initializing domain
[DEBUG][../../src/Domain.cc:30 int Domain::initialize(std::string)]: Initializing 2 modules, stage 1
[INFO][void Simulation::run()]: Running ...
[DEBUG][./src/Tictoc.cc:44 virtual void Tictoc::handleEvent(Event *)]: toc nextTime 0.2
[DEBUG][./src/Tictoc.cc:44 virtual void Tictoc::handleEvent(Event *)]: tic nextTime 0.3
[DEBUG][./src/Tictoc.cc:44 virtual void Tictoc::handleEvent(Event *)]: toc nextTime 0.5
[DEBUG][./src/Tictoc.cc:44 virtual void Tictoc::handleEvent(Event *)]: tic nextTime 0.6
[DEBUG][./src/Tictoc.cc:44 virtual void Tictoc::handleEvent(Event *)]: toc nextTime 0.8
[DEBUG][./src/Tictoc.cc:44 virtual void Tictoc::handleEvent(Event *)]: tic nextTime 0.9
[DEBUG][./src/Tictoc.cc:44 virtual void Tictoc::handleEvent(Event *)]: toc nextTime 1.1
[DEBUG][./src/Tictoc.cc:44 virtual void Tictoc::handleEvent(Event *)]: tic nextTime 1.2
[DEBUG][./src/Tictoc.cc:44 virtual void Tictoc::handleEvent(Event *)]: toc nextTime 1.4
[DEBUG][./src/Tictoc.cc:44 virtual void Tictoc::handleEvent(Event *)]: tic nextTime 1.5
[DEBUG][./src/Tictoc.cc:44 virtual void Tictoc::handleEvent(Event *)]: toc nextTime 1.7
[DEBUG][./src/Tictoc.cc:44 virtual void Tictoc::handleEvent(Event *)]: tic nextTime 1.8
[DEBUG][./src/Tictoc.cc:44 virtual void Tictoc::handleEvent(Event *)]: toc nextTime 2
[DEBUG][./src/Tictoc.cc:44 virtual void Tictoc::handleEvent(Event *)]: tic nextTime 2.1
[DEBUG][./src/Tictoc.cc:44 virtual void Tictoc::handleEvent(Event *)]: toc nextTime 2.3
[DEBUG][./src/Tictoc.cc:44 virtual void Tictoc::handleEvent(Event *)]: tic nextTime 2.4
[DEBUG][./src/Tictoc.cc:44 virtual void Tictoc::handleEvent(Event *)]: toc nextTime 2.6
[DEBUG][./src/Tictoc.cc:44 virtual void Tictoc::handleEvent(Event *)]: tic nextTime 2.7
[DEBUG][./src/Tictoc.cc:44 virtual void Tictoc::handleEvent(Event *)]: toc nextTime 2.9
[DEBUG][./src/Tictoc.cc:44 virtual void Tictoc::handleEvent(Event *)]: tic nextTime 3
[DEBUG][./src/Tictoc.cc:44 virtual void Tictoc::handleEvent(Event *)]: toc nextTime 3.2
[DEBUG][./src/Tictoc.cc:44 virtual void Tictoc::handleEvent(Event *)]: tic nextTime 3.3
[DEBUG][./src/Tictoc.cc:44 virtual void Tictoc::handleEvent(Event *)]: toc nextTime 3.5
[DEBUG][./src/Tictoc.cc:44 virtual void Tictoc::handleEvent(Event *)]: tic nextTime 3.6
[DEBUG][./src/Tictoc.cc:44 virtual void Tictoc::handleEvent(Event *)]: toc nextTime 3.8
[DEBUG][./src/Tictoc.cc:44 virtual void Tictoc::handleEvent(Event *)]: tic nextTime 3.9
[DEBUG][./src/Tictoc.cc:44 virtual void Tictoc::handleEvent(Event *)]: toc nextTime 4.1
[DEBUG][./src/Tictoc.cc:44 virtual void Tictoc::handleEvent(Event *)]: tic nextTime 4.2
[DEBUG][./src/Tictoc.cc:44 virtual void Tictoc::handleEvent(Event *)]: toc nextTime 4.4
[DEBUG][./src/Tictoc.cc:44 virtual void Tictoc::handleEvent(Event *)]: tic nextTime 4.5
[DEBUG][./src/Tictoc.cc:44 virtual void Tictoc::handleEvent(Event *)]: toc nextTime 4.7
[DEBUG][./src/Tictoc.cc:44 virtual void Tictoc::handleEvent(Event *)]: tic nextTime 4.8
[DEBUG][./src/Tictoc.cc:44 virtual void Tictoc::handleEvent(Event *)]: toc nextTime 5
[DEBUG][./src/Tictoc.cc:44 virtual void Tictoc::handleEvent(Event *)]: tic nextTime 5.1
[DEBUG][./src/Tictoc.cc:44 virtual void Tictoc::handleEvent(Event *)]: toc nextTime 5.3
[DEBUG][./src/Tictoc.cc:44 virtual void Tictoc::handleEvent(Event *)]: tic nextTime 5.4
[DEBUG][./src/Tictoc.cc:44 virtual void Tictoc::handleEvent(Event *)]: toc nextTime 5.6
[DEBUG][./src/Tictoc.cc:44 virtual void Tictoc::handleEvent(Event *)]: tic nextTime 5.7
[DEBUG][./src/Tictoc.cc:44 virtual void Tictoc::handleEvent(Event *)]: toc nextTime 5.9
[DEBUG][./src/Tictoc.cc:44 virtual void Tictoc::handleEvent(Event *)]: tic nextTime 6
[DEBUG][./src/Tictoc.cc:44 virtual void Tictoc::handleEvent(Event *)]: toc nextTime 6.2
[DEBUG][./src/Tictoc.cc:44 virtual void Tictoc::handleEvent(Event *)]: tic nextTime 6.3
[DEBUG][./src/Tictoc.cc:44 virtual void Tictoc::handleEvent(Event *)]: toc nextTime 6.5
[DEBUG][./src/Tictoc.cc:44 virtual void Tictoc::handleEvent(Event *)]: tic nextTime 6.6
[DEBUG][./src/Tictoc.cc:44 virtual void Tictoc::handleEvent(Event *)]: toc nextTime 6.8
[DEBUG][./src/Tictoc.cc:44 virtual void Tictoc::handleEvent(Event *)]: tic nextTime 6.9
[DEBUG][./src/Tictoc.cc:44 virtual void Tictoc::handleEvent(Event *)]: toc nextTime 7.1
[DEBUG][./src/Tictoc.cc:44 virtual void Tictoc::handleEvent(Event *)]: tic nextTime 7.2
[DEBUG][./src/Tictoc.cc:44 virtual void Tictoc::handleEvent(Event *)]: toc nextTime 7.4
[DEBUG][./src/Tictoc.cc:44 virtual void Tictoc::handleEvent(Event *)]: tic nextTime 7.5
[DEBUG][./src/Tictoc.cc:44 virtual void Tictoc::handleEvent(Event *)]: toc nextTime 7.7
[DEBUG][./src/Tictoc.cc:44 virtual void Tictoc::handleEvent(Event *)]: tic nextTime 7.8
[DEBUG][./src/Tictoc.cc:44 virtual void Tictoc::handleEvent(Event *)]: toc nextTime 8
[DEBUG][./src/Tictoc.cc:44 virtual void Tictoc::handleEvent(Event *)]: tic nextTime 8.1
[DEBUG][./src/Tictoc.cc:44 virtual void Tictoc::handleEvent(Event *)]: toc nextTime 8.3
[DEBUG][./src/Tictoc.cc:44 virtual void Tictoc::handleEvent(Event *)]: tic nextTime 8.4
[DEBUG][./src/Tictoc.cc:44 virtual void Tictoc::handleEvent(Event *)]: toc nextTime 8.6
[DEBUG][./src/Tictoc.cc:44 virtual void Tictoc::handleEvent(Event *)]: tic nextTime 8.7
[DEBUG][./src/Tictoc.cc:44 virtual void Tictoc::handleEvent(Event *)]: toc nextTime 8.9
[DEBUG][./src/Tictoc.cc:44 virtual void Tictoc::handleEvent(Event *)]: tic nextTime 9
[DEBUG][./src/Tictoc.cc:44 virtual void Tictoc::handleEvent(Event *)]: toc nextTime 9.2
[DEBUG][./src/Tictoc.cc:44 virtual void Tictoc::handleEvent(Event *)]: tic nextTime 9.3
[DEBUG][./src/Tictoc.cc:44 virtual void Tictoc::handleEvent(Event *)]: toc nextTime 9.5
[DEBUG][./src/Tictoc.cc:44 virtual void Tictoc::handleEvent(Event *)]: tic nextTime 9.6
[DEBUG][./src/Tictoc.cc:44 virtual void Tictoc::handleEvent(Event *)]: toc nextTime 9.8
[DEBUG][./src/Tictoc.cc:44 virtual void Tictoc::handleEvent(Event *)]: tic nextTime 9.9
[DEBUG][./src/Tictoc.cc:44 virtual void Tictoc::handleEvent(Event *)]: toc nextTime 10.1
[DEBUG][./src/Tictoc.cc:44 virtual void Tictoc::handleEvent(Event *)]: tic nextTime 10.2
[DEBUG][./src/Tictoc.cc:44 virtual void Tictoc::handleEvent(Event *)]: toc nextTime 10.4
[DEBUG][./src/Tictoc.cc:44 virtual void Tictoc::handleEvent(Event *)]: tic nextTime 10.5
[DEBUG][./src/Tictoc.cc:44 virtual void Tictoc::handleEvent(Event *)]: toc nextTime 10.7
[DEBUG][./src/Tictoc.cc:44 virtual void Tictoc::handleEvent(Event *)]: tic nextTime 10.8
[DEBUG][./src/Tictoc.cc:44 virtual void Tictoc::handleEvent(Event *)]: toc nextTime 11
[DEBUG][./src/Tictoc.cc:44 virtual void Tictoc::handleEvent(Event *)]: tic nextTime 11.1
[DEBUG][./src/Tictoc.cc:44 virtual void Tictoc::handleEvent(Event *)]: toc nextTime 11.3
[DEBUG][./src/Tictoc.cc:44 virtual void Tictoc::handleEvent(Event *)]: tic nextTime 11.4
[DEBUG][./src/Tictoc.cc:44 virtual void Tictoc::handleEvent(Event *)]: toc nextTime 11.6
[DEBUG][./src/Tictoc.cc:44 virtual void Tictoc::handleEvent(Event *)]: tic nextTime 11.7
[DEBUG][./src/Tictoc.cc:44 virtual void Tictoc::handleEvent(Event *)]: toc nextTime 11.9
[DEBUG][./src/Tictoc.cc:44 virtual void Tictoc::handleEvent(Event *)]: tic nextTime 12
[DEBUG][./src/Tictoc.cc:44 virtual void Tictoc::handleEvent(Event *)]: toc nextTime 12.2
[DEBUG][./src/Tictoc.cc:44 virtual void Tictoc::handleEvent(Event *)]: tic nextTime 12.3
[DEBUG][./src/Tictoc.cc:44 virtual void Tictoc::handleEvent(Event *)]: toc nextTime 12.5
[DEBUG][./src/Tictoc.cc:44 virtual void Tictoc::handleEvent(Event *)]: tic nextTime 12.6
[DEBUG][./src/Tictoc.cc:44 virtual void Tictoc::handleEvent(Event *)]: toc nextTime 12.8
[DEBUG][./src/Tictoc.cc:44 virtual void Tictoc::handleEvent(Event *)]: tic nextTime 12.9
[DEBUG][./src/Tictoc.cc:44 virtual void Tictoc::handleEvent(Event *)]: toc nextTime 13.1
[DEBUG][./src/Tictoc.cc:44 virtual void Tictoc::handleEvent(Event *)]: tic nextTime 13.2
[DEBUG][./src/Tictoc.cc:44 virtual void Tictoc::handleEvent(Event *)]: toc nextTime 13.4
[DEBUG][./src/Tictoc.cc:44 virtual void Tictoc::handleEvent(Event *)]: tic nextTime 13.5
[DEBUG][./src/Tictoc.cc:44 virtual void Tictoc::handleEvent(Event *)]: toc nextTime 13.7
[DEBUG][./src/Tictoc.cc:44 virtual void Tictoc::handleEvent(Event *)]: tic nextTime 13.8
[DEBUG][./src/Tictoc.cc:44 virtual void Tictoc::handleEvent(Event *)]: toc nextTime 14
[DEBUG][./src/Tictoc.cc:44 virtual void Tictoc::handleEvent(Event *)]: tic nextTime 14.1
[DEBUG][./src/Tictoc.cc:44 virtual void Tictoc::handleEvent(Event *)]: toc nextTime 14.3
[DEBUG][./src/Tictoc.cc:44 virtual void Tictoc::handleEvent(Event *)]: tic nextTime 14.4
[DEBUG][./src/Tictoc.cc:44 virtual void Tictoc::handleEvent(Event *)]: toc nextTime 14.6
[DEBUG][./src/Tictoc.cc:44 virtual void Tictoc::handleEvent(Event *)]: tic nextTime 14.7
[DEBUG][./src/Tictoc.cc:44 virtual void Tictoc::handleEvent(Event *)]: toc nextTime 14.9
[DEBUG][./src/Tictoc.cc:44 virtual void Tictoc::handleEvent(Event *)]: tic nextTime 15
[DEBUG][./src/Tictoc.cc:44 virtual void Tictoc::handleEvent(Event *)]: toc nextTime 15.2
[DEBUG][./src/Tictoc.cc:44 virtual void Tictoc::handleEvent(Event *)]: tic nextTime 15.3
[DEBUG][./src/Tictoc.cc:44 virtual void Tictoc::handleEvent(Event *)]: toc nextTime 15.5
[DEBUG][./src/Tictoc.cc:44 virtual void Tictoc::handleEvent(Event *)]: tic nextTime 15.6
[DEBUG][./src/Tictoc.cc:44 virtual void Tictoc::handleEvent(Event *)]: toc nextTime 15.8
[DEBUG][./src/Tictoc.cc:44 virtual void Tictoc::handleEvent(Event *)]: tic nextTime 15.9
[DEBUG][./src/Tictoc.cc:44 virtual void Tictoc::handleEvent(Event *)]: toc nextTime 16.1
[DEBUG][./src/Tictoc.cc:44 virtual void Tictoc::handleEvent(Event *)]: tic nextTime 16.2
[DEBUG][./src/Tictoc.cc:44 virtual void Tictoc::handleEvent(Event *)]: toc nextTime 16.4
[DEBUG][./src/Tictoc.cc:44 virtual void Tictoc::handleEvent(Event *)]: tic nextTime 16.5
[DEBUG][./src/Tictoc.cc:44 virtual void Tictoc::handleEvent(Event *)]: toc nextTime 16.7
[DEBUG][./src/Tictoc.cc:44 virtual void Tictoc::handleEvent(Event *)]: tic nextTime 16.8
[DEBUG][./src/Tictoc.cc:44 virtual void Tictoc::handleEvent(Event *)]: toc nextTime 17
[DEBUG][./src/Tictoc.cc:44 virtual void Tictoc::handleEvent(Event *)]: tic nextTime 17.1
[DEBUG][./src/Tictoc.cc:44 virtual void Tictoc::handleEvent(Event *)]: toc nextTime 17.3
[DEBUG][./src/Tictoc.cc:44 virtual void Tictoc::handleEvent(Event *)]: tic nextTime 17.4
[DEBUG][./src/Tictoc.cc:44 virtual void Tictoc::handleEvent(Event *)]: toc nextTime 17.6
[DEBUG][./src/Tictoc.cc:44 virtual void Tictoc::handleEvent(Event *)]: tic nextTime 17.7
[DEBUG][./src/Tictoc.cc:44 virtual void Tictoc::handleEvent(Event *)]: toc nextTime 17.9
[DEBUG][./src/Tictoc.cc:44 virtual void Tictoc::handleEvent(Event *)]: tic nextTime 18
[DEBUG][./src/Tictoc.cc:44 virtual void Tictoc::handleEvent(Event *)]: toc nextTime 18.2
[DEBUG][./src/Tictoc.cc:44 virtual void Tictoc::handleEvent(Event *)]: tic nextTime 18.3
[DEBUG][./src/Tictoc.cc:44 virtual void Tictoc::handleEvent(Event *)]: toc nextTime 18.5
[DEBUG][./src/Tictoc.cc:44 virtual void Tictoc::handleEvent(Event *)]: tic nextTime 18.6
[DEBUG][./src/Tictoc.cc:44 virtual void Tictoc::handleEvent(Event *)]: toc nextTime 18.8
[DEBUG][./src/Tictoc.cc:44 virtual void Tictoc::handleEvent(Event *)]: tic nextTime 18.9
[DEBUG][./src/Tictoc.cc:44 virtual void Tictoc::handleEvent(Event *)]: toc nextTime 19.1
[DEBUG][./src/Tictoc.cc:44 virtual void Tictoc::handleEvent(Event *)]: tic nextTime 19.2
[DEBUG][./src/Tictoc.cc:44 virtual void Tictoc::handleEvent(Event *)]: toc nextTime 19.4
[DEBUG][./src/Tictoc.cc:44 virtual void Tictoc::handleEvent(Event *)]: tic nextTime 19.5
[DEBUG][./src/Tictoc.cc:44 virtual void Tictoc::handleEvent(Event *)]: toc nextTime 19.7
[DEBUG][./src/Tictoc.cc:44 virtual void Tictoc::handleEvent(Event *)]: tic nextTime 19.8
[DEBUG][./src/Tictoc.cc:44 virtual void Tictoc::handleEvent(Event *)]: toc nextTime 20
[DEBUG][./src/Tictoc.cc:44 virtual void Tictoc::handleEvent(Event *)]: tic nextTime 20.1
[DEBUG][./src/Tictoc.cc:44 virtual void Tictoc::handleEvent(Event *)]: toc nextTime 20.3
[DEBUG][./src/Tictoc.cc:44 virtual void Tictoc::handleEvent(Event *)]: tic nextTime 20.4
[DEBUG][./src/Tictoc.cc:44 virtual void Tictoc::handleEvent(Event *)]: toc nextTime 20.6
[DEBUG][./src/Tictoc.cc:44 virtual void Tictoc::handleEvent(Event *)]: tic nextTime 20.7
[DEBUG][./src/Tictoc.cc:44 virtual void Tictoc::handleEvent(Event *)]: toc nextTime 20.9
[DEBUG][./src/Tictoc.cc:44 virtual void Tictoc::handleEvent(Event *)]: tic nextTime 21
[DEBUG][./src/Tictoc.cc:44 virtual void Tictoc::handleEvent(Event *)]: toc nextTime 21.2
[DEBUG][./src/Tictoc.cc:44 virtual void Tictoc::handleEvent(Event *)]: tic nextTime 21.3
[DEBUG][./src/Tictoc.cc:44 virtual void Tictoc::handleEvent(Event *)]: toc nextTime 21.5
[DEBUG][./src/Tictoc.cc:44 virtual void Tictoc::handleEvent(Event *)]: tic nextTime 21.6
[DEBUG][./src/Tictoc.cc:44 virtual void Tictoc::handleEvent(Event *)]: toc nextTime 21.8
[DEBUG][./src/Tictoc.cc:44 virtual void Tictoc::handleEvent(Event *)]: tic nextTime 21.9
[DEBUG][./src/Tictoc.cc:44 virtual void Tictoc::handleEvent(Event *)]: toc nextTime 22.1
[DEBUG][./src/Tictoc.cc:44 virtual void Tictoc::handleEvent(Event *)]: tic nextTime 22.2
[DEBUG][./src/Tictoc.cc:44 virtual void Tictoc::handleEvent(Event *)]: toc nextTime 22.4
[DEBUG][./src/Tictoc.cc:44 virtual void Tictoc::handleEvent(Event *)]: tic nextTime 22.5
[DEBUG][./src/Tictoc.cc:44 virtual void Tictoc::handleEvent(Event *)]: toc nextTime 22.7
[DEBUG][./src/Tictoc.cc:44 virtual void Tictoc::handleEvent(Event *)]: tic nextTime 22.8
[DEBUG][./src/Tictoc.cc:44 virtual void Tictoc::handleEvent(Event *)]: toc nextTime 23
[DEBUG][./src/Tictoc.cc:44 virtual void Tictoc::handleEvent(Event *)]: tic nextTime 23.1
[DEBUG][./src/Tictoc.cc:44 virtual void Tictoc::handleEvent(Event *)]: toc nextTime 23.3
[DEBUG][./src/Tictoc.cc:44 virtual void Tictoc::handleEvent(Event *)]: tic nextTime 23.4
[DEBUG][./src/Tictoc.cc:44 virtual void Tictoc::handleEvent(Event *)]: toc nextTime 23.6
[DEBUG][./src/Tictoc.cc:44 virtual void Tictoc::handleEvent(Event *)]: tic nextTime 23.7
[DEBUG][./src/Tictoc.cc:44 virtual void Tictoc::handleEvent(Event *)]: toc nextTime 23.9
[DEBUG][./src/Tictoc.cc:44 virtual void Tictoc::handleEvent(Event *)]: tic nextTime 24
[DEBUG][./src/Tictoc.cc:44 virtual void Tictoc::handleEvent(Event *)]: toc nextTime 24.2
[DEBUG][./src/Tictoc.cc:44 virtual void Tictoc::handleEvent(Event *)]: tic nextTime 24.3
[DEBUG][./src/Tictoc.cc:44 virtual void Tictoc::handleEvent(Event *)]: toc nextTime 24.5
[DEBUG][./src/Tictoc.cc:44 virtual void Tictoc::handleEvent(Event *)]: tic nextTime 24.6
[DEBUG][./src/Tictoc.cc:44 virtual void Tictoc::handleEvent(Event *)]: toc nextTime 24.8
[DEBUG][./src/Tictoc.cc:44 virtual void Tictoc::handleEvent(Event *)]: tic nextTime 24.9
[DEBUG][./src/Tictoc.cc:44 virtual void Tictoc::handleEvent(Event *)]: toc nextTime 25.1
[DEBUG][./src/Tictoc.cc:44 virtual void Tictoc::handleEvent(Event *)]: tic nextTime 25.2
[DEBUG][./src/Tictoc.cc:44 virtual void Tictoc::handleEvent(Event *)]: toc nextTime 25.4
[DEBUG][./src/Tictoc.cc:44 virtual void Tictoc::handleEvent(Event *)]: tic nextTime 25.5
[DEBUG][./src/Tictoc.cc:44 virtual void Tictoc::handleEvent(Event *)]: toc nextTime 25.7
[DEBUG][./src/Tictoc.cc:44 virtual void Tictoc::handleEvent(Event *)]: tic nextTime 25.8
[DEBUG][./src/Tictoc.cc:44 virtual void Tictoc::handleEvent(Event *)]: toc nextTime 26
[DEBUG][./src/Tictoc.cc:44 virtual void Tictoc::handleEvent(Event *)]: tic nextTime 26.1
[DEBUG][./src/Tictoc.cc:44 virtual void Tictoc::handleEvent(Event *)]: toc nextTime 26.3
[DEBUG][./src/Tictoc.cc:44 virtual void Tictoc::handleEvent(Event *)]: tic nextTime 26.4
[DEBUG][./src/Tictoc.cc:44 virtual void Tictoc::handleEvent(Event *)]: toc nextTime 26.6
[DEBUG][./src/Tictoc.cc:44 virtual void Tictoc::handleEvent(Event *)]: tic nextTime 26.7
[DEBUG][./src/Tictoc.cc:44 virtual void Tictoc::handleEvent(Event *)]: toc nextTime 26.9
[DEBUG][./src/Tictoc.cc:44 virtual void Tictoc::handleEvent(Event *)]: tic nextTime 27
[DEBUG][./src/Tictoc.cc:44 virtual void Tictoc::handleEvent(Event *)]: toc nextTime 27.2
[DEBUG][./src/Tictoc.cc:44 virtual void Tictoc::handleEvent(Event *)]: tic nextTime 27.3
[DEBUG][./src/Tictoc.cc:44 virtual void Tictoc::handleEvent(Event *)]: toc nextTime 27.5
[DEBUG][./src/Tictoc.cc:44 virtual void Tictoc::handleEvent(Event *)]: tic nextTime 27.6
[DEBUG][./src/Tictoc.cc:44 virtual void Tictoc::handleEvent(Event *)]: toc nextTime 27.8
[DEBUG][./src/Tictoc.cc:44 virtual void Tictoc::handleEvent(Event *)]: tic nextTime 27.9
[DEBUG][./src/Tictoc.cc:44 virtual void Tictoc::handleEvent(Event *)]: toc nextTime 28.1
[DEBUG][./src/Tictoc.cc:44 virtual void Tictoc::handleEvent(Event *)]: tic nextTime 28.2
[DEBUG][./src/Tictoc.cc:44 virtual void Tictoc::handleEvent(Event *)]: toc nextTime 28.4
[DEBUG][./src/Tictoc.cc:44 virtual void Tictoc::handleEvent(Event *)]: tic nextTime 28.5
[DEBUG][./src/Tictoc.cc:44 virtual void Tictoc::handleEvent(Event *)]: toc nextTime 28.7
[DEBUG][./src/Tictoc.cc:44 virtual void Tictoc::handleEvent(Event *)]: tic nextTime 28.8
[DEBUG][./src/Tictoc.cc:44 virtual void Tictoc::handleEvent(Event *)]: toc nextTime 29
[DEBUG][./src/Tictoc.cc:44 virtual void Tictoc::handleEvent(Event *)]: tic nextTime 29.1
[DEBUG][./src/Tictoc.cc:44 virtual void Tictoc::handleEvent(Event *)]: toc nextTime 29.3
[DEBUG][./src/Tictoc.cc:44 virtual void Tictoc::handleEvent(Event *)]: tic nextTime 29.4
[DEBUG][./src/Tictoc.cc:44 virtual void Tictoc::handleEvent(Event *)]: toc nextTime 29.6
[DEBUG][./src/Tictoc.cc:44 virtual void Tictoc::handleEvent(Event *)]: tic nextTime 29.7
[DEBUG][./src/Tictoc.cc:44 virtual void Tictoc::handleEvent(Event *)]: toc nextTime 29.9
[DEBUG][./src/Tictoc.cc:44 virtual void Tictoc::handleEvent(Event *)]: tic nextTime 30
[DEBUG][./src/Tictoc.cc:44 virtual void Tictoc::handleEvent(Event *)]: toc nextTime 30.2
[DEBUG][./src/Tictoc.cc:44 virtual void Tictoc::handleEvent(Event *)]: tic nextTime 30.3
[DEBUG][./src/Tictoc.cc:44 virtual void Tictoc::handleEvent(Event *)]: toc nextTime 30.5
[DEBUG][./src/Tictoc.cc:44 virtual void Tictoc::handleEvent(Event *)]: tic nextTime 30.6
[DEBUG][./src/Tictoc.cc:44 virtual void Tictoc::handleEvent(Event *)]: toc nextTime 30.8
[DEBUG][./src/Tictoc.cc:44 virtual void Tictoc::handleEvent(Event *)]: tic nextTime 30.9
[DEBUG][./src/Tictoc.cc:44 virtual void Tictoc::handleEvent(Event *)]: toc nextTime 31.1
[DEBUG][./src/Tictoc.cc:44 virtual void Tictoc::handleEvent(Event *)]: tic nextTime 31.2
[DEBUG][./src/Tictoc.cc:44 virtual void Tictoc::handleEvent(Event *)]: toc nextTime 31.4
[DEBUG][./src/Tictoc.cc:44 virtual void Tictoc::handleEvent(Event *)]: tic nextTime 31.5
[DEBUG][./src/Tictoc.cc:44 virtual void Tictoc::handleEvent(Event *)]: toc nextTime 31.7
[DEBUG][./src/Tictoc.cc:44 virtual void Tictoc::handleEvent(Event *)]: tic nextTime 31.8
[DEBUG][./src/Tictoc.cc:44 virtual void Tictoc::handleEvent(Event *)]: toc nextTime 32
[DEBUG][./src/Tictoc.cc:44 virtual void Tictoc::handleEvent(Event *)]: tic nextTime 32.1
[DEBUG][./src/Tictoc.cc:44 virtual void Tictoc::handleEvent(Event *)]: toc nextTime 32.3
[DEBUG][./src/Tictoc.cc:44 virtual void Tictoc::handleEvent(Event *)]: tic nextTime 32.4
[DEBUG][./src/Tictoc.cc:44 virtual void Tictoc::handleEvent(Event *)]: toc nextTime 32.6
[DEBUG][./src/Tictoc.cc:44 virtual void Tictoc::handleEvent(Event *)]: tic nextTime 32.7
[DEBUG][./src/Tictoc.cc:44 virtual void Tictoc::handleEvent(Event *)]: toc nextTime 32.9
[DEBUG][./src/Tictoc.cc:44 virtual void Tictoc::handleEvent(Event *)]: tic nextTime 33
[DEBUG][./src/Tictoc.cc:44 virtual void Tictoc::handleEvent(Event *)]: toc nextTime 33.2
[DEBUG][./src/Tictoc.cc:44 virtual void Tictoc::handleEvent(Event *)]: tic nextTime 33.3
[DEBUG][./src/Tictoc.cc:44 virtual void Tictoc::handleEvent(Event *)]: toc nextTime 33.5
[DEBUG][./src/Tictoc.cc:44 virtual void Tictoc::handleEvent(Event *)]: tic nextTime 33.6
[DEBUG][./src/Tictoc.cc:44 virtual void Tictoc::handleEvent(Event *)]: toc nextTime 33.8
[DEBUG][./src/Tictoc.cc:44 virtual void Tictoc::handleEvent(Event *)]: tic nextTime 33.9
[DEBUG][./src/Tictoc.cc:44 virtual void Tictoc::handleEvent(Event *)]: toc nextTime 34.1
[DEBUG][./src/Tictoc.cc:44 virtual void Tictoc::handleEvent(Event *)]: tic nextTime 34.2
[DEBUG][./src/Tictoc.cc:44 virtual void Tictoc::handleEvent(Event *)]: toc nextTime 34.4
[DEBUG][./src/Tictoc.cc:44 virtual void Tictoc::handleEvent(Event *)]: tic nextTime 34.5
[DEBUG][./src/Tictoc.cc:44 virtual void Tictoc::handleEvent(Event *)]: toc nextTime 34.7
[DEBUG][./src/Tictoc.cc:44 virtual void Tictoc::handleEvent(Event *)]: tic nextTime 34.8
[DEBUG][./src/Tictoc.cc:44 virtual void Tictoc::handleEvent(Event *)]: toc nextTime 35
[DEBUG][./src/Tictoc.cc:44 virtual void Tictoc::handleEvent(Event *)]: tic nextTime 35.1
[DEBUG][./src/Tictoc.cc:44 virtual void Tictoc::handleEvent(Event *)]: toc nextTime 35.3
[DEBUG][./src/Tictoc.cc:44 virtual void Tictoc::handleEvent(Event *)]: tic nextTime 35.4
[DEBUG][./src/Tictoc.cc:44 virtual void Tictoc::handleEvent(Event *)]: toc nextTime 35.6
[DEBUG][./src/Tictoc.cc:44 virtual void Tictoc::handleEvent(Event *)]: tic nextTime 35.7
[DEBUG][./src/Tictoc.cc:44 virtual void Tictoc::handleEvent(Event *)]: toc nextTime 35.9
[DEBUG][./src/Tictoc.cc:44 virtual void Tictoc::handleEvent(Event *)]: tic nextTime 36
[DEBUG][./src/Tictoc.cc:44 virtual void Tictoc::handleEvent(Event *)]: toc nextTime 36.2
[DEBUG][./src/Tictoc.cc:44 virtual void Tictoc::handleEvent(Event *)]: tic nextTime 36.3
[DEBUG][./src/Tictoc.cc:44 virtual void Tictoc::handleEvent(Event *)]: toc nextTime 36.5
[DEBUG][./src/Tictoc.cc:44 virtual void Tictoc::handleEvent(Event *)]: tic nextTime 36.6
[DEBUG][./src/Tictoc.cc:44 virtual void Tictoc::handleEvent(Event *)]: toc nextTime 36.8
[DEBUG][./src/Tictoc.cc:44 virtual void Tictoc::handleEvent(Event *)]: tic nextTime 36.9
[DEBUG][./src/Tictoc.cc:44 virtual void Tictoc::handleEvent(Event *)]: toc nextTime 37.1
[DEBUG][./src/Tictoc.cc:44 virtual void Tictoc::handleEvent(Event *)]: tic nextTime 37.2
[DEBUG][./src/Tictoc.cc:44 virtual void Tictoc::handleEvent(Event *)]: toc nextTime 37.4
[DEBUG][./src/Tictoc.cc:44 virtual void Tictoc::handleEvent(Event *)]: tic nextTime 37.5
[DEBUG][./src/Tictoc.cc:44 virtual void Tictoc::handleEvent(Event *)]: toc nextTime 37.7
[DEBUG][./src/Tictoc.cc:44 virtual void Tictoc::handleEvent(Event *)]: tic nextTime 37.8
[DEBUG][./src/Tictoc.cc:44 virtual void Tictoc::handleEvent(Event *)]: toc nextTime 38
[DEBUG][./src/Tictoc.cc:44 virtual void Tictoc::handleEvent(Event *)]: tic nextTime 38.1
[DEBUG][./src/Tictoc.cc:44 virtual void Tictoc::handleEvent(Event *)]: toc nextTime 38.3
[DEBUG][./src/Tictoc.cc:44 virtual void Tictoc::handleEvent(Event *)]: tic nextTime 38.4
[DEBUG][./src/Tictoc.cc:44 virtual void Tictoc::handleEvent(Event *)]: toc nextTime 38.6
[DEBUG][./src/Tictoc.cc:44 virtual void Tictoc::handleEvent(Event *)]: tic nextTime 38.7
[DEBUG][./src/Tictoc.cc:44 virtual void Tictoc::handleEvent(Event *)]: toc nextTime 38.9
[DEBUG][./src/Tictoc.cc:44 virtual void Tictoc::handleEvent(Event *)]: tic nextTime 39
[DEBUG][./src/Tictoc.cc:44 virtual void Tictoc::handleEvent(Event *)]: toc nextTime 39.2
[DEBUG][./src/Tictoc.cc:44 virtual void Tictoc::handleEvent(Event *)]: tic nextTime 39.3
[DEBUG][./src/Tictoc.cc:44 virtual void Tictoc::handleEvent(Event *)]: toc nextTime 39.5
[DEBUG][./src/Tictoc.cc:44 virtual void Tictoc::handleEvent(Event *)]: tic nextTime 39.6
[DEBUG][./src/Tictoc.cc:44 virtual void Tictoc::handleEvent(Event *)]: toc nextTime 39.8
[DEBUG][./src/Tictoc.cc:44 virtual void Tictoc::handleEvent(Event *)]: tic nextTime 39.9
[DEBUG][./src/Tictoc.cc:44 virtual void Tictoc::handleEvent(Event *)]: toc nextTime 40.1
[DEBUG][./src/Tictoc.cc:44 virtual void Tictoc::handleEvent(Event *)]: tic nextTime 40.2
[DEBUG][./src/Tictoc.cc:44 virtual void Tictoc::handleEvent(Event *)]: toc nextTime 40.4
[DEBUG][./src/Tictoc.cc:44 virtual void Tictoc::handleEvent(Event *)]: tic nextTime 40.5
[DEBUG][./src/Tictoc.cc:44 virtual void Tictoc::handleEvent(Event *)]: toc nextTime 40.7
[DEBUG][./src/Tictoc.cc:44 virtual void Tictoc::handleEvent(Event *)]: tic nextTime 40.8
[DEBUG][./src/Tictoc.cc:44 virtual void Tictoc::handleEvent(Event *)]: toc nextTime 41
[DEBUG][./src/Tictoc.cc:44 virtual void Tictoc::handleEvent(Event *)]: tic nextTime 41.1
[DEBUG][./src/Tictoc.cc:44 virtual void Tictoc::handleEvent(Event *)]: toc nextTime 41.3
[DEBUG][./src/Tictoc.cc:44 virtual void Tictoc::handleEvent(Event *)]: tic nextTime 41.4
[DEBUG][./src/Tictoc.cc:44 virtual void Tictoc::handleEvent(Event *)]: toc nextTime 41.6
[DEBUG][./src/Tictoc.cc:44 virtual void Tictoc::handleEvent(Event *)]: tic nextTime 41.7
[DEBUG][./src/Tictoc.cc:44 virtual void Tictoc::handleEvent(Event *)]: toc nextTime 41.9
[DEBUG][./src/Tictoc.cc:44 virtual void Tictoc::handleEvent(Event *)]: tic nextTime 42
[DEBUG][./src/Tictoc.cc:44 virtual void Tictoc::handleEvent(Event *)]: toc nextTime 42.2
[DEBUG][./src/Tictoc.cc:44 virtual void Tictoc::handleEvent(Event *)]: tic nextTime 42.3
[DEBUG][./src/Tictoc.cc:44 virtual void Tictoc::handleEvent(Event *)]: toc nextTime 42.5
[DEBUG][./src/Tictoc.cc:44 virtual void Tictoc::handleEvent(Event *)]: tic nextTime 42.6
[DEBUG][./src/Tictoc.cc:44 virtual void Tictoc::handleEvent(Event *)]: toc nextTime 42.8
[DEBUG][./src/Tictoc.cc:44 virtual void Tictoc::handleEvent(Event *)]: tic nextTime 42.9
[DEBUG][./src/Tictoc.cc:44 virtual void Tictoc::handleEvent(Event *)]: toc nextTime 43.1
[DEBUG][./src/Tictoc.cc:44 virtual void Tictoc::handleEvent(Event *)]: tic nextTime 43.2
[DEBUG][./src/Tictoc.cc:44 virtual void Tictoc::handleEvent(Event *)]: toc nextTime 43.4
[DEBUG][./src/Tictoc.cc:44 virtual void Tictoc::handleEvent(Event *)]: tic nextTime 43.5
[DEBUG][./src/Tictoc.cc:44 virtual void Tictoc::handleEvent(Event *)]: toc nextTime 43.7
[DEBUG][./src/Tictoc.cc:44 virtual void Tictoc::handleEvent(Event *)]: tic nextTime 43.8
[DEBUG][./src/Tictoc.cc:44 virtual void Tictoc::handleEvent(Event *)]: toc nextTime 44
[DEBUG][./src/Tictoc.cc:44 virtual void Tictoc::handleEvent(Event *)]: tic nextTime 44.1
[DEBUG][./src/Tictoc.cc:44 virtual void Tictoc::handleEvent(Event *)]: toc nextTime 44.3
[DEBUG][./src/Tictoc.cc:44 virtual void Tictoc::handleEvent(Event *)]: tic nextTime 44.4
[DEBUG][./src/Tictoc.cc:44 virtual void Tictoc::handleEvent(Event *)]: toc nextTime 44.6
[DEBUG][./src/Tictoc.cc:44 virtual void Tictoc::handleEvent(Event *)]: tic nextTime 44.7
[DEBUG][./src/Tictoc.cc:44 virtual void Tictoc::handleEvent(Event *)]: toc nextTime 44.9
[DEBUG][./src/Tictoc.cc:44 virtual void Tictoc::handleEvent(Event *)]: tic nextTime 45
[DEBUG][./src/Tictoc.cc:44 virtual void Tictoc::handleEvent(Event *)]: toc nextTime 45.2
[DEBUG][./src/Tictoc.cc:44 virtual void Tictoc::handleEvent(Event *)]: tic nextTime 45.3
[DEBUG][./src/Tictoc.cc:44 virtual void Tictoc::handleEvent(Event *)]: toc nextTime 45.5
[DEBUG][./src/Tictoc.cc:44 virtual void Tictoc::handleEvent(Event *)]: tic nextTime 45.6
[DEBUG][./src/Tictoc.cc:44 virtual void Tictoc::handleEvent(Event *)]: toc nextTime 45.8
[DEBUG][./src/Tictoc.cc:44 virtual void Tictoc::handleEvent(Event *)]: tic nextTime 45.9
[DEBUG][./src/Tictoc.cc:44 virtual void Tictoc::handleEvent(Event *)]: toc nextTime 46.1
[DEBUG][./src/Tictoc.cc:44 virtual void Tictoc::handleEvent(Event *)]: tic nextTime 46.2
[DEBUG][./src/Tictoc.cc:44 virtual void Tictoc::handleEvent(Event *)]: toc nextTime 46.4
[DEBUG][./src/Tictoc.cc:44 virtual void Tictoc::handleEvent(Event *)]: tic nextTime 46.5
[DEBUG][./src/Tictoc.cc:44 virtual void Tictoc::handleEvent(Event *)]: toc nextTime 46.7
[DEBUG][./src/Tictoc.cc:44 virtual void Tictoc::handleEvent(Event *)]: tic nextTime 46.8
[DEBUG][./src/Tictoc.cc:44 virtual void Tictoc::handleEvent(Event *)]: toc nextTime 47
[DEBUG][./src/Tictoc.cc:44 virtual void Tictoc::handleEvent(Event *)]: tic nextTime 47.1
[DEBUG][./src/Tictoc.cc:44 virtual void Tictoc::handleEvent(Event *)]: toc nextTime 47.3
[DEBUG][./src/Tictoc.cc:44 virtual void Tictoc::handleEvent(Event *)]: tic nextTime 47.4
[DEBUG][./src/Tictoc.cc:44 virtual void Tictoc::handleEvent(Event *)]: toc nextTime 47.6
[DEBUG][./src/Tictoc.cc:44 virtual void Tictoc::handleEvent(Event *)]: tic nextTime 47.7
[DEBUG][./src/Tictoc.cc:44 virtual void Tictoc::handleEvent(Event *)]: toc nextTime 47.9
[DEBUG][./src/Tictoc.cc:44 virtual void Tictoc::handleEvent(Event *)]: tic nextTime 48
[DEBUG][./src/Tictoc.cc:44 virtual void Tictoc::handleEvent(Event *)]: toc nextTime 48.2
[DEBUG][./src/Tictoc.cc:44 virtual void Tictoc::handleEvent(Event *)]: tic nextTime 48.3
[DEBUG][./src/Tictoc.cc:44 virtual void Tictoc::handleEvent(Event *)]: toc nextTime 48.5
[DEBUG][./src/Tictoc.cc:44 virtual void Tictoc::handleEvent(Event *)]: tic nextTime 48.6
[DEBUG][./src/Tictoc.cc:44 virtual void Tictoc::handleEvent(Event *)]: toc nextTime 48.8
[DEBUG][./src/Tictoc.cc:44 virtual void Tictoc::handleEvent(Event *)]: tic nextTime 48.9
[DEBUG][./src/Tictoc.cc:44 virtual void Tictoc::handleEvent(Event *)]: toc nextTime 49.1
[DEBUG][./src/Tictoc.cc:44 virtual void Tictoc::handleEvent(Event *)]: tic nextTime 49.2
[DEBUG][./src/Tictoc.cc:44 virtual void Tictoc::handleEvent(Event *)]: toc nextTime 49.4
[DEBUG][./src/Tictoc.cc:44 virtual void Tictoc::handleEvent(Event *)]: tic nextTime 49.5
[DEBUG][./src/Tictoc.cc:44 virtual void Tictoc::handleEvent(Event *)]: toc nextTime 49.7
[DEBUG][./src/Tictoc.cc:44 virtual void Tictoc::handleEvent(Event *)]: tic nextTime 49.8
[DEBUG][./src/Tictoc.cc:44 virtual void Tictoc::handleEvent(Event *)]: toc nextTime 50
[DEBUG][./src/Tictoc.cc:44 virtual void Tictoc::handleEvent(Event *)]: tic nextTime 50.1
[DEBUG][./src/Tictoc.cc:44 virtual void Tictoc::handleEvent(Event *)]: toc nextTime 50.3
[DEBUG][./src/Tictoc.cc:44 virtual void Tictoc::handleEvent(Event *)]: tic nextTime 50.4
[DEBUG][./src/Tictoc.cc:44 virtual void Tictoc::handleEvent(Event *)]: toc nextTime 50.6
[DEBUG][./src/Tictoc.cc:44 virtual void Tictoc::handleEvent(Event *)]: tic nextTime 50.7
[DEBUG][./src/Tictoc.cc:44 virtual void Tictoc::handleEvent(Event *)]: toc nextTime 50.9
[DEBUG][./src/Tictoc.cc:44 virtual void Tictoc::handleEvent(Event *)]: tic nextTime 51
[DEBUG][./src/Tictoc.cc:44 virtual void Tictoc::handleEvent(Event *)]: toc nextTime 51.2
[DEBUG][./src/Tictoc.cc:44 virtual void Tictoc::handleEvent(Event *)]: tic nextTime 51.3
[DEBUG][./src/Tictoc.cc:44 virtual void Tictoc::handleEvent(Event *)]: toc nextTime 51.5
[DEBUG][./src/Tictoc.cc:44 virtual void Tictoc::handleEvent(Event *)]: tic nextTime 51.6
[DEBUG][./src/Tictoc.cc:44 virtual void Tictoc::handleEvent(Event *)]: toc nextTime 51.8
[DEBUG][./src/Tictoc.cc:44 virtual void Tictoc::handleEvent(Event *)]: tic nextTime 51.9
[DEBUG][./src/Tictoc.cc:44 virtual void Tictoc::handleEvent(Event *)]: toc nextTime 52.1
[DEBUG][./src/Tictoc.cc:44 virtual void Tictoc::handleEvent(Event *)]: tic nextTime 52.2
[DEBUG][./src/Tictoc.cc:44 virtual void Tictoc::handleEvent(Event *)]: toc nextTime 52.4
[DEBUG][./src/Tictoc.cc:44 virtual void Tictoc::handleEvent(Event *)]: tic nextTime 52.5
[DEBUG][./src/Tictoc.cc:44 virtual void Tictoc::handleEvent(Event *)]: toc nextTime 52.7
[DEBUG][./src/Tictoc.cc:44 virtual void Tictoc::handleEvent(Event *)]: tic nextTime 52.8
[DEBUG][./src/Tictoc.cc:44 virtual void Tictoc::handleEvent(Event *)]: toc nextTime 53
[DEBUG][./src/Tictoc.cc:44 virtual void Tictoc::handleEvent(Event *)]: tic nextTime 53.1
[DEBUG][./src/Tictoc.cc:44 virtual void Tictoc::handleEvent(Event *)]: toc nextTime 53.3
[DEBUG][./src/Tictoc.cc:44 virtual void Tictoc::handleEvent(Event *)]: tic nextTime 53.4
[DEBUG][./src/Tictoc.cc:44 virtual void Tictoc::handleEvent(Event *)]: toc nextTime 53.6
[DEBUG][./src/Tictoc.cc:44 virtual void Tictoc::handleEvent(Event *)]: tic nextTime 53.7
[DEBUG][./src/Tictoc.cc:44 virtual void Tictoc::handleEvent(Event *)]: toc nextTime 53.9
[DEBUG][./src/Tictoc.cc:44 virtual void Tictoc::handleEvent(Event *)]: tic nextTime 54
[DEBUG][./src/Tictoc.cc:44 virtual void Tictoc::handleEvent(Event *)]: toc nextTime 54.2
[DEBUG][./src/Tictoc.cc:44 virtual void Tictoc::handleEvent(Event *)]: tic nextTime 54.3
[DEBUG][./src/Tictoc.cc:44 virtual void Tictoc::handleEvent(Event *)]: toc nextTime 54.5
[DEBUG][./src/Tictoc.cc:44 virtual void Tictoc::handleEvent(Event *)]: tic nextTime 54.6
[DEBUG][./src/Tictoc.cc:44 virtual void Tictoc::handleEvent(Event *)]: toc nextTime 54.8
[DEBUG][./src/Tictoc.cc:44 virtual void Tictoc::handleEvent(Event *)]: tic nextTime 54.9
[DEBUG][./src/Tictoc.cc:44 virtual void Tictoc::handleEvent(Event *)]: toc nextTime 55.1
[DEBUG][./src/Tictoc.cc:44 virtual void Tictoc::handleEvent(Event *)]: tic nextTime 55.2
[DEBUG][./src/Tictoc.cc:44 virtual void Tictoc::handleEvent(Event *)]: toc nextTime 55.4
[DEBUG][./src/Tictoc.cc:44 virtual void Tictoc::handleEvent(Event *)]: tic nextTime 55.5
[DEBUG][./src/Tictoc.cc:44 virtual void Tictoc::handleEvent(Event *)]: toc nextTime 55.7
[DEBUG][./src/Tictoc.cc:44 virtual void Tictoc::handleEvent(Event *)]: tic nextTime 55.8
[DEBUG][./src/Tictoc.cc:44 virtual void Tictoc::handleEvent(Event *)]: toc nextTime 56
[DEBUG][./src/Tictoc.cc:44 virtual void Tictoc::handleEvent(Event *)]: tic nextTime 56.1
[DEBUG][./src/Tictoc.cc:44 virtual void Tictoc::handleEvent(Event *)]: toc nextTime 56.3
[DEBUG][./src/Tictoc.cc:44 virtual void Tictoc::handleEvent(Event *)]: tic nextTime 56.4
[DEBUG][./src/Tictoc.cc:44 virtual void Tictoc::handleEvent(Event *)]: toc nextTime 56.6
[DEBUG][./src/Tictoc.cc:44 virtual void Tictoc::handleEvent(Event *)]: tic nextTime 56.7
[DEBUG][./src/Tictoc.cc:44 virtual void Tictoc::handleEvent(Event *)]: toc nextTime 56.9
[DEBUG][./src/Tictoc.cc:44 virtual void Tictoc::handleEvent(Event *)]: tic nextTime 57
[DEBUG][./src/Tictoc.cc:44 virtual void Tictoc::handleEvent(Event *)]: toc nextTime 57.2
[DEBUG][./src/Tictoc.cc:44 virtual void Tictoc::handleEvent(Event *)]: tic nextTime 57.3
[DEBUG][./src/Tictoc.cc:44 virtual void Tictoc::handleEvent(Event *)]: toc nextTime 57.5
[DEBUG][./src/Tictoc.cc:44 virtual void Tictoc::handleEvent(Event *)]: tic nextTime 57.6
[DEBUG][./src/Tictoc.cc:44 virtual void Tictoc::handleEvent(Event *)]: toc nextTime 57.8
[DEBUG][./src/Tictoc.cc:44 virtual void Tictoc::handleEvent(Event *)]: tic nextTime 57.9
[DEBUG][./src/Tictoc.cc:44 virtual void Tictoc::handleEvent(Event *)]: toc nextTime 58.1
[DEBUG][./src/Tictoc.cc:44 virtual void Tictoc::handleEvent(Event *)]: tic nextTime 58.2
[DEBUG][./src/Tictoc.cc:44 virtual void Tictoc::handleEvent(Event *)]: toc nextTime 58.4
[DEBUG][./src/Tictoc.cc:44 virtual void Tictoc::handleEvent(Event *)]: tic nextTime 58.5
[DEBUG][./src/Tictoc.cc:44 virtual void Tictoc::handleEvent(Event *)]: toc nextTime 58.7
[DEBUG][./src/Tictoc.cc:44 virtual void Tictoc::handleEvent(Event *)]: tic nextTime 58.8
[DEBUG][./src/Tictoc.cc:44 virtual void Tictoc::handleEvent(Event *)]: toc nextTime 59
[DEBUG][./src/Tictoc.cc:44 virtual void Tictoc::handleEvent(Event *)]: tic nextTime 59.1
[DEBUG][./src/Tictoc.cc:44 virtual void Tictoc::handleEvent(Event *)]: toc nextTime 59.3
[DEBUG][./src/Tictoc.cc:44 virtual void Tictoc::handleEvent(Event *)]: tic nextTime 59.4
[DEBUG][./src/Tictoc.cc:44 virtual void Tictoc::handleEvent(Event *)]: toc nextTime 59.6
[DEBUG][./src/Tictoc.cc:44 virtual void Tictoc::handleEvent(Event *)]: tic nextTime 59.7
[DEBUG][./src/Tictoc.cc:44 virtual void Tictoc::handleEvent(Event *)]: toc nextTime 59.9
[DEBUG][./src/Tictoc.cc:44 virtual void Tictoc::handleEvent(Event *)]: tic nextTime 60
[DEBUG][./src/Tictoc.cc:44 virtual void Tictoc::handleEvent(Event *)]: toc nextTime 60.2
[DEBUG][./src/Tictoc.cc:44 virtual void Tictoc::handleEvent(Event *)]: tic nextTime 60.3
[DEBUG][./src/Tictoc.cc:44 virtual void Tictoc::handleEvent(Event *)]: toc nextTime 60.5
[DEBUG][./src/Tictoc.cc:44 virtual void Tictoc::handleEvent(Event *)]: tic nextTime 60.6
[DEBUG][./src/Tictoc.cc:44 virtual void Tictoc::handleEvent(Event *)]: toc nextTime 60.8
[DEBUG][./src/Tictoc.cc:44 virtual void Tictoc::handleEvent(Event *)]: tic nextTime 60.9
[DEBUG][./src/Tictoc.cc:44 virtual void Tictoc::handleEvent(Event *)]: toc nextTime 61.1
[DEBUG][./src/Tictoc.cc:44 virtual void Tictoc::handleEvent(Event *)]: tic nextTime 61.2
[DEBUG][./src/Tictoc.cc:44 virtual void Tictoc::handleEvent(Event *)]: toc nextTime 61.4
[DEBUG][./src/Tictoc.cc:44 virtual void Tictoc::handleEvent(Event *)]: tic nextTime 61.5
[DEBUG][./src/Tictoc.cc:44 virtual void Tictoc::handleEvent(Event *)]: toc nextTime 61.7
[DEBUG][./src/Tictoc.cc:44 virtual void Tictoc::handleEvent(Event *)]: tic nextTime 61.8
[DEBUG][./src/Tictoc.cc:44 virtual void Tictoc::handleEvent(Event *)]: toc nextTime 62
[DEBUG][./src/Tictoc.cc:44 virtual void Tictoc::handleEvent(Event *)]: tic nextTime 62.1
[DEBUG][./src/Tictoc.cc:44 virtual void Tictoc::handleEvent(Event *)]: toc nextTime 62.3
[DEBUG][./src/Tictoc.cc:44 virtual void Tictoc::handleEvent(Event *)]: tic nextTime 62.4
[DEBUG][./src/Tictoc.cc:44 virtual void Tictoc::handleEvent(Event *)]: toc nextTime 62.6
[DEBUG][./src/Tictoc.cc:44 virtual void Tictoc::handleEvent(Event *)]: tic nextTime 62.7
[DEBUG][./src/Tictoc.cc:44 virtual void Tictoc::handleEvent(Event *)]: toc nextTime 62.9
[DEBUG][./src/Tictoc.cc:44 virtual void Tictoc::handleEvent(Event *)]: tic nextTime 63
[DEBUG][./src/Tictoc.cc:44 virtual void Tictoc::handleEvent(Event *)]: toc nextTime 63.2
[DEBUG][./src/Tictoc.cc:44 virtual void Tictoc::handleEvent(Event *)]: tic nextTime 63.3
[DEBUG][./src/Tictoc.cc:44 virtual void Tictoc::handleEvent(Event *)]: toc nextTime 63.5
[DEBUG][./src/Tictoc.cc:44 virtual void Tictoc::handleEvent(Event *)]: tic nextTime 63.6
[DEBUG][./src/Tictoc.cc:44 virtual void Tictoc::handleEvent(Event *)]: toc nextTime 63.8
[DEBUG][./src/Tictoc.cc:44 virtual void Tictoc::handleEvent(Event *)]: tic nextTime 63.9
[DEBUG][./src/Tictoc.cc:44 virtual void Tictoc::handleEvent(Event *)]: toc nextTime 64.1
[DEBUG][./src/Tictoc.cc:44 virtual void Tictoc::handleEvent(Event *)]: tic nextTime 64.2
[DEBUG][./src/Tictoc.cc:44 virtual void Tictoc::handleEvent(Event *)]: toc nextTime 64.4
[DEBUG][./src/Tictoc.cc:44 virtual void Tictoc::handleEvent(Event *)]: tic nextTime 64.5
[DEBUG][./src/Tictoc.cc:44 virtual void Tictoc::handleEvent(Event *)]: toc nextTime 64.7
[DEBUG][./src/Tictoc.cc:44 virtual void Tictoc::handleEvent(Event *)]: tic nextTime 64.8
[DEBUG][./src/Tictoc.cc:44 virtual void Tictoc::handleEvent(Event *)]: toc nextTime 65
[DEBUG][./src/Tictoc.cc:44 virtual void Tictoc::handleEvent(Event *)]: tic nextTime 65.1
[DEBUG][./src/Tictoc.cc:44 virtual void Tictoc::handleEvent(Event *)]: toc nextTime 65.3
[DEBUG][./src/Tictoc.cc:44 virtual void Tictoc::handleEvent(Event *)]: tic nextTime 65.4
[DEBUG][./src/Tictoc.cc:44 virtual void Tictoc::handleEvent(Event *)]: toc nextTime 65.6
[DEBUG][./src/Tictoc.cc:44 virtual void Tictoc::handleEvent(Event *)]: tic nextTime 65.7
[DEBUG][./src/Tictoc.cc:44 virtual void Tictoc::handleEvent(Event *)]: toc nextTime 65.9
[DEBUG][./src/Tictoc.cc:44 virtual void Tictoc::handleEvent(Event *)]: tic nextTime 66
[DEBUG][./src/Tictoc.cc:44 virtual void Tictoc::handleEvent(Event *)]: toc nextTime 66.2
[DEBUG][./src/Tictoc.cc:44 virtual void Tictoc::handleEvent(Event *)]: tic nextTime 66.3
[DEBUG][./src/Tictoc.cc:44 virtual void Tictoc::handleEvent(Event *)]: toc nextTime 66.5
[DEBUG][./src/Tictoc.cc:44 virtual void Tictoc::handleEvent(Event *)]: tic nextTime 66.6
[DEBUG][./src/Tictoc.cc:44 virtual void Tictoc::handleEvent(Event *)]: toc nextTime 66.8
[DEBUG][./src/Tictoc.cc:44 virtual void Tictoc::handleEvent(Event *)]: tic nextTime 66.9
[DEBUG][./src/Tictoc.cc:44 virtual void Tictoc::handleEvent(Event *)]: toc nextTime 67.1
[DEBUG][./src/Tictoc.cc:44 virtual void Tictoc::handleEvent(Event *)]: tic nextTime 67.2
[DEBUG][./src/Tictoc.cc:44 virtual void Tictoc::handleEvent(Event *)]: toc nextTime 67.4
[DEBUG][./src/Tictoc.cc:44 virtual void Tictoc::handleEvent(Event *)]: tic nextTime 67.5
[DEBUG][./src/Tictoc.cc:44 virtual void Tictoc::handleEvent(Event *)]: toc nextTime 67.7
[DEBUG][./src/Tictoc.cc:44 virtual void Tictoc::handleEvent(Event *)]: tic nextTime 67.8
[DEBUG][./src/Tictoc.cc:44 virtual void Tictoc::handleEvent(Event *)]: toc nextTime 68
[DEBUG][./src/Tictoc.cc:44 virtual void Tictoc::handleEvent(Event *)]: tic nextTime 68.1
[DEBUG][./src/Tictoc.cc:44 virtual void Tictoc::handleEvent(Event *)]: toc nextTime 68.3
[DEBUG][./src/Tictoc.cc:44 virtual void Tictoc::handleEvent(Event *)]: tic nextTime 68.4
[DEBUG][./src/Tictoc.cc:44 virtual void Tictoc::handleEvent(Event *)]: toc nextTime 68.6
[DEBUG][./src/Tictoc.cc:44 virtual void Tictoc::handleEvent(Event *)]: tic nextTime 68.7
[DEBUG][./src/Tictoc.cc:44 virtual void Tictoc::handleEvent(Event *)]: toc nextTime 68.9
[DEBUG][./src/Tictoc.cc:44 virtual void Tictoc::handleEvent(Event *)]: tic nextTime 69
[DEBUG][./src/Tictoc.cc:44 virtual void Tictoc::handleEvent(Event *)]: toc nextTime 69.2
[DEBUG][./src/Tictoc.cc:44 virtual void Tictoc::handleEvent(Event *)]: tic nextTime 69.3
[DEBUG][./src/Tictoc.cc:44 virtual void Tictoc::handleEvent(Event *)]: toc nextTime 69.5
[DEBUG][./src/Tictoc.cc:44 virtual void Tictoc::handleEvent(Event *)]: tic nextTime 69.6
[DEBUG][./src/Tictoc.cc:44 virtual void Tictoc::handleEvent(Event *)]: toc nextTime 69.8
[DEBUG][./src/Tictoc.cc:44 virtual void Tictoc::handleEvent(Event *)]: tic nextTime 69.9
[DEBUG][./src/Tictoc.cc:44 virtual void Tictoc::handleEvent(Event *)]: toc nextTime 70.1
[DEBUG][./src/Tictoc.cc:44 virtual void Tictoc::handleEvent(Event *)]: tic nextTime 70.2
[DEBUG][./src/Tictoc.cc:44 virtual void Tictoc::handleEvent(Event *)]: toc nextTime 70.4
[DEBUG][./src/Tictoc.cc:44 virtual void Tictoc::handleEvent(Event *)]: tic nextTime 70.5
[DEBUG][./src/Tictoc.cc:44 virtual void Tictoc::handleEvent(Event *)]: toc nextTime 70.7
[DEBUG][./src/Tictoc.cc:44 virtual void Tictoc::handleEvent(Event *)]: tic nextTime 70.8
[DEBUG][./src/Tictoc.cc:44 virtual void Tictoc::handleEvent(Event *)]: toc nextTime 71
[DEBUG][./src/Tictoc.cc:44 virtual void Tictoc::handleEvent(Event *)]: tic nextTime 71.1
[DEBUG][./src/Tictoc.cc:44 virtual void Tictoc::handleEvent(Event *)]: toc nextTime 71.3
[DEBUG][./src/Tictoc.cc:44 virtual void Tictoc::handleEvent(Event *)]: tic nextTime 71.4
[DEBUG][./src/Tictoc.cc:44 virtual void Tictoc::handleEvent(Event *)]: toc nextTime 71.6
[DEBUG][./src/Tictoc.cc:44 virtual void Tictoc::handleEvent(Event *)]: tic nextTime 71.7
[DEBUG][./src/Tictoc.cc:44 virtual void Tictoc::handleEvent(Event *)]: toc nextTime 71.9
[DEBUG][./src/Tictoc.cc:44 virtual void Tictoc::handleEvent(Event *)]: tic nextTime 72
[DEBUG][./src/Tictoc.cc:44 virtual void Tictoc::handleEvent(Event *)]: toc nextTime 72.2
[DEBUG][./src/Tictoc.cc:44 virtual void Tictoc::handleEvent(Event *)]: tic nextTime 72.3
[DEBUG][./src/Tictoc.cc:44 virtual void Tictoc::handleEvent(Event *)]: toc nextTime 72.5
[DEBUG][./src/Tictoc.cc:44 virtual void Tictoc::handleEvent(Event *)]: tic nextTime 72.6
[DEBUG][./src/Tictoc.cc:44 virtual void Tictoc::handleEvent(Event *)]: toc nextTime 72.8
[DEBUG][./src/Tictoc.cc:44 virtual void Tictoc::handleEvent(Event *)]: tic nextTime 72.9
[DEBUG][./src/Tictoc.cc:44 virtual void Tictoc::handleEvent(Event *)]: toc nextTime 73.1
[DEBUG][./src/Tictoc.cc:44 virtual void Tictoc::handleEvent(Event *)]: tic nextTime 73.2
[DEBUG][./src/Tictoc.cc:44 virtual void Tictoc::handleEvent(Event *)]: toc nextTime 73.4
[DEBUG][./src/Tictoc.cc:44 virtual void Tictoc::handleEvent(Event *)]: tic nextTime 73.5
[DEBUG][./src/Tictoc.cc:44 virtual void Tictoc::handleEvent(Event *)]: toc nextTime 73.7
[DEBUG][./src/Tictoc.cc:44 virtual void Tictoc::handleEvent(Event *)]: tic nextTime 73.8
[DEBUG][./src/Tictoc.cc:44 virtual void Tictoc::handleEvent(Event *)]: toc nextTime 74
[DEBUG][./src/Tictoc.cc:44 virtual void Tictoc::handleEvent(Event *)]: tic nextTime 74.1
[DEBUG][./src/Tictoc.cc:44 virtual void Tictoc::handleEvent(Event *)]: toc nextTime 74.3
[DEBUG][./src/Tictoc.cc:44 virtual void Tictoc::handleEvent(Event *)]: tic nextTime 74.4
[DEBUG][./src/Tictoc.cc:44 virtual void Tictoc::handleEvent(Event *)]: toc nextTime 74.6
[DEBUG][./src/Tictoc.cc:44 virtual void Tictoc::handleEvent(Event *)]: tic nextTime 74.7
[DEBUG][./src/Tictoc.cc:44 virtual void Tictoc::handleEvent(Event *)]: toc nextTime 74.9
[DEBUG][./src/Tictoc.cc:44 virtual void Tictoc::handleEvent(Event *)]: tic nextTime 75
[DEBUG][./src/Tictoc.cc:44 virtual void Tictoc::handleEvent(Event *)]: toc nextTime 75.2
[DEBUG][./src/Tictoc.cc:44 virtual void Tictoc::handleEvent(Event *)]: tic nextTime 75.3
[DEBUG][./src/Tictoc.cc:44 virtual void Tictoc::handleEvent(Event *)]: toc nextTime 75.5
[DEBUG][./src/Tictoc.cc:44 virtual void Tictoc::handleEvent(Event *)]: tic nextTime 75.6
[DEBUG][./src/Tictoc.cc:44 virtual void Tictoc::handleEvent(Event *)]: toc nextTime 75.8
[DEBUG][./src/Tictoc.cc:44 virtual void Tictoc::handleEvent(Event *)]: tic nextTime 75.9
[DEBUG][./src/Tictoc.cc:44 virtual void Tictoc::handleEvent(Event *)]: toc nextTime 76.1
[DEBUG][./src/Tictoc.cc:44 virtual void Tictoc::handleEvent(Event *)]: tic nextTime 76.2
[DEBUG][./src/Tictoc.cc:44 virtual void Tictoc::handleEvent(Event *)]: toc nextTime 76.4
[DEBUG][./src/Tictoc.cc:44 virtual void Tictoc::handleEvent(Event *)]: tic nextTime 76.5
[DEBUG][./src/Tictoc.cc:44 virtual void Tictoc::handleEvent(Event *)]: toc nextTime 76.7
[DEBUG][./src/Tictoc.cc:44 virtual void Tictoc::handleEvent(Event *)]: tic nextTime 76.8
[DEBUG][./src/Tictoc.cc:44 virtual void Tictoc::handleEvent(Event *)]: toc nextTime 77
[DEBUG][./src/Tictoc.cc:44 virtual void Tictoc::handleEvent(Event *)]: tic nextTime 77.1
[DEBUG][./src/Tictoc.cc:44 virtual void Tictoc::handleEvent(Event *)]: toc nextTime 77.3
[DEBUG][./src/Tictoc.cc:44 virtual void Tictoc::handleEvent(Event *)]: tic nextTime 77.4
[DEBUG][./src/Tictoc.cc:44 virtual void Tictoc::handleEvent(Event *)]: toc nextTime 77.6
[DEBUG][./src/Tictoc.cc:44 virtual void Tictoc::handleEvent(Event *)]: tic nextTime 77.7
[DEBUG][./src/Tictoc.cc:44 virtual void Tictoc::handleEvent(Event *)]: toc nextTime 77.9
[DEBUG][./src/Tictoc.cc:44 virtual void Tictoc::handleEvent(Event *)]: tic nextTime 78
[DEBUG][./src/Tictoc.cc:44 virtual void Tictoc::handleEvent(Event *)]: toc nextTime 78.2
[DEBUG][./src/Tictoc.cc:44 virtual void Tictoc::handleEvent(Event *)]: tic nextTime 78.3
[DEBUG][./src/Tictoc.cc:44 virtual void Tictoc::handleEvent(Event *)]: toc nextTime 78.5
[DEBUG][./src/Tictoc.cc:44 virtual void Tictoc::handleEvent(Event *)]: tic nextTime 78.6
[DEBUG][./src/Tictoc.cc:44 virtual void Tictoc::handleEvent(Event *)]: toc nextTime 78.8
[DEBUG][./src/Tictoc.cc:44 virtual void Tictoc::handleEvent(Event *)]: tic nextTime 78.9
[DEBUG][./src/Tictoc.cc:44 virtual void Tictoc::handleEvent(Event *)]: toc nextTime 79.1
[DEBUG][./src/Tictoc.cc:44 virtual void Tictoc::handleEvent(Event *)]: tic nextTime 79.2
[DEBUG][./src/Tictoc.cc:44 virtual void Tictoc::handleEvent(Event *)]: toc nextTime 79.4
[DEBUG][./src/Tictoc.cc:44 virtual void Tictoc::handleEvent(Event *)]: tic nextTime 79.5
[DEBUG][./src/Tictoc.cc:44 virtual void Tictoc::handleEvent(Event *)]: toc nextTime 79.7
[DEBUG][./src/Tictoc.cc:44 virtual void Tictoc::handleEvent(Event *)]: tic nextTime 79.8
[DEBUG][./src/Tictoc.cc:44 virtual void Tictoc::handleEvent(Event *)]: toc nextTime 80
[DEBUG][./src/Tictoc.cc:44 virtual void Tictoc::handleEvent(Event *)]: tic nextTime 80.1
[DEBUG][./src/Tictoc.cc:44 virtual void Tictoc::handleEvent(Event *)]: toc nextTime 80.3
[DEBUG][./src/Tictoc.cc:44 virtual void Tictoc::handleEvent(Event *)]: tic nextTime 80.4
[DEBUG][./src/Tictoc.cc:44 virtual void Tictoc::handleEvent(Event *)]: toc nextTime 80.6
[DEBUG][./src/Tictoc.cc:44 virtual void Tictoc::handleEvent(Event *)]: tic nextTime 80.7
[DEBUG][./src/Tictoc.cc:44 virtual void Tictoc::handleEvent(Event *)]: toc nextTime 80.9
[DEBUG][./src/Tictoc.cc:44 virtual void Tictoc::handleEvent(Event *)]: tic nextTime 81
[DEBUG][./src/Tictoc.cc:44 virtual void Tictoc::handleEvent(Event *)]: toc nextTime 81.2
[DEBUG][./src/Tictoc.cc:44 virtual void Tictoc::handleEvent(Event *)]: tic nextTime 81.3
[DEBUG][./src/Tictoc.cc:44 virtual void Tictoc::handleEvent(Event *)]: toc nextTime 81.5
[DEBUG][./src/Tictoc.cc:44 virtual void Tictoc::handleEvent(Event *)]: tic nextTime 81.6
[DEBUG][./src/Tictoc.cc:44 virtual void Tictoc::handleEvent(Event *)]: toc nextTime 81.8
[DEBUG][./src/Tictoc.cc:44 virtual void Tictoc::handleEvent(Event *)]: tic nextTime 81.9
[DEBUG][./src/Tictoc.cc:44 virtual void Tictoc::handleEvent(Event *)]: toc nextTime 82.1
[DEBUG][./src/Tictoc.cc:44 virtual void Tictoc::handleEvent(Event *)]: tic nextTime 82.2
[DEBUG][./src/Tictoc.cc:44 virtual void Tictoc::handleEvent(Event *)]: toc nextTime 82.4
[DEBUG][./src/Tictoc.cc:44 virtual void Tictoc::handleEvent(Event *)]: tic nextTime 82.5
[DEBUG][./src/Tictoc.cc:44 virtual void Tictoc::handleEvent(Event *)]: toc nextTime 82.7
[DEBUG][./src/Tictoc.cc:44 virtual void Tictoc::handleEvent(Event *)]: tic nextTime 82.8
[DEBUG][./src/Tictoc.cc:44 virtual void Tictoc::handleEvent(Event *)]: toc nextTime 83
[DEBUG][./src/Tictoc.cc:44 virtual void Tictoc::handleEvent(Event *)]: tic nextTime 83.1
[DEBUG][./src/Tictoc.cc:44 virtual void Tictoc::handleEvent(Event *)]: toc nextTime 83.3
[DEBUG][./src/Tictoc.cc:44 virtual void Tictoc::handleEvent(Event *)]: tic nextTime 83.4
[DEBUG][./src/Tictoc.cc:44 virtual void Tictoc::handleEvent(Event *)]: toc nextTime 83.6
[DEBUG][./src/Tictoc.cc:44 virtual void Tictoc::handleEvent(Event *)]: tic nextTime 83.7
[DEBUG][./src/Tictoc.cc:44 virtual void Tictoc::handleEvent(Event *)]: toc nextTime 83.9
[DEBUG][./src/Tictoc.cc:44 virtual void Tictoc::handleEvent(Event *)]: tic nextTime 84
[DEBUG][./src/Tictoc.cc:44 virtual void Tictoc::handleEvent(Event *)]: toc nextTime 84.2
[DEBUG][./src/Tictoc.cc:44 virtual void Tictoc::handleEvent(Event *)]: tic nextTime 84.3
[DEBUG][./src/Tictoc.cc:44 virtual void Tictoc::handleEvent(Event *)]: toc nextTime 84.5
[DEBUG][./src/Tictoc.cc:44 virtual void Tictoc::handleEvent(Event *)]: tic nextTime 84.6
[DEBUG][./src/Tictoc.cc:44 virtual void Tictoc::handleEvent(Event *)]: toc nextTime 84.8
[DEBUG][./src/Tictoc.cc:44 virtual void Tictoc::handleEvent(Event *)]: tic nextTime 84.9
[DEBUG][./src/Tictoc.cc:44 virtual void Tictoc::handleEvent(Event *)]: toc nextTime 85.1
[DEBUG][./src/Tictoc.cc:44 virtual void Tictoc::handleEvent(Event *)]: tic nextTime 85.2
[DEBUG][./src/Tictoc.cc:44 virtual void Tictoc::handleEvent(Event *)]: toc nextTime 85.4
[DEBUG][./src/Tictoc.cc:44 virtual void Tictoc::handleEvent(Event *)]: tic nextTime 85.5
[DEBUG][./src/Tictoc.cc:44 virtual void Tictoc::handleEvent(Event *)]: toc nextTime 85.7
[DEBUG][./src/Tictoc.cc:44 virtual void Tictoc::handleEvent(Event *)]: tic nextTime 85.8
[DEBUG][./src/Tictoc.cc:44 virtual void Tictoc::handleEvent(Event *)]: toc nextTime 86
[DEBUG][./src/Tictoc.cc:44 virtual void Tictoc::handleEvent(Event *)]: tic nextTime 86.1
[DEBUG][./src/Tictoc.cc:44 virtual void Tictoc::handleEvent(Event *)]: toc nextTime 86.3
[DEBUG][./src/Tictoc.cc:44 virtual void Tictoc::handleEvent(Event *)]: tic nextTime 86.4
[DEBUG][./src/Tictoc.cc:44 virtual void Tictoc::handleEvent(Event *)]: toc nextTime 86.6
[DEBUG][./src/Tictoc.cc:44 virtual void Tictoc::handleEvent(Event *)]: tic nextTime 86.7
[DEBUG][./src/Tictoc.cc:44 virtual void Tictoc::handleEvent(Event *)]: toc nextTime 86.9
[DEBUG][./src/Tictoc.cc:44 virtual void Tictoc::handleEvent(Event *)]: tic nextTime 87
[DEBUG][./src/Tictoc.cc:44 virtual void Tictoc::handleEvent(Event *)]: toc nextTime 87.2
[DEBUG][./src/Tictoc.cc:44 virtual void Tictoc::handleEvent(Event *)]: tic nextTime 87.3
[DEBUG][./src/Tictoc.cc:44 virtual void Tictoc::handleEvent(Event *)]: toc nextTime 87.5
[DEBUG][./src/Tictoc.cc:44 virtual void Tictoc::handleEvent(Event *)]: tic nextTime 87.6
[DEBUG][./src/Tictoc.cc:44 virtual void Tictoc::handleEvent(Event *)]: toc nextTime 87.8
[DEBUG][./src/Tictoc.cc:44 virtual void Tictoc::handleEvent(Event *)]: tic nextTime 87.9
[DEBUG][./src/Tictoc.cc:44 virtual void Tictoc::handleEvent(Event *)]: toc nextTime 88.1
[DEBUG][./src/Tictoc.cc:44 virtual void Tictoc::handleEvent(Event *)]: tic nextTime 88.2
[DEBUG][./src/Tictoc.cc:44 virtual void Tictoc::handleEvent(Event *)]: toc nextTime 88.4
[DEBUG][./src/Tictoc.cc:44 virtual void Tictoc::handleEvent(Event *)]: tic nextTime 88.5
[DEBUG][./src/Tictoc.cc:44 virtual void Tictoc::handleEvent(Event *)]: toc nextTime 88.7
[DEBUG][./src/Tictoc.cc:44 virtual void Tictoc::handleEvent(Event *)]: tic nextTime 88.8
[DEBUG][./src/Tictoc.cc:44 virtual void Tictoc::handleEvent(Event *)]: toc nextTime 89
[DEBUG][./src/Tictoc.cc:44 virtual void Tictoc::handleEvent(Event *)]: tic nextTime 89.1
[DEBUG][./src/Tictoc.cc:44 virtual void Tictoc::handleEvent(Event *)]: toc nextTime 89.3
[DEBUG][./src/Tictoc.cc:44 virtual void Tictoc::handleEvent(Event *)]: tic nextTime 89.4
[DEBUG][./src/Tictoc.cc:44 virtual void Tictoc::handleEvent(Event *)]: toc nextTime 89.6
[DEBUG][./src/Tictoc.cc:44 virtual void Tictoc::handleEvent(Event *)]: tic nextTime 89.7
[DEBUG][./src/Tictoc.cc:44 virtual void Tictoc::handleEvent(Event *)]: toc nextTime 89.9
[DEBUG][./src/Tictoc.cc:44 virtual void Tictoc::handleEvent(Event *)]: tic nextTime 90
[DEBUG][./src/Tictoc.cc:44 virtual void Tictoc::handleEvent(Event *)]: toc nextTime 90.2
[DEBUG][./src/Tictoc.cc:44 virtual void Tictoc::handleEvent(Event *)]: tic nextTime 90.3
[DEBUG][./src/Tictoc.cc:44 virtual void Tictoc::handleEvent(Event *)]: toc nextTime 90.5
[DEBUG][./src/Tictoc.cc:44 virtual void Tictoc::handleEvent(Event *)]: tic nextTime 90.6
[DEBUG][./src/Tictoc.cc:44 virtual void Tictoc::handleEvent(Event *)]: toc nextTime 90.8
[DEBUG][./src/Tictoc.cc:44 virtual void Tictoc::handleEvent(Event *)]: tic nextTime 90.9
[DEBUG][./src/Tictoc.cc:44 virtual void Tictoc::handleEvent(Event *)]: toc nextTime 91.1
[DEBUG][./src/Tictoc.cc:44 virtual void Tictoc::handleEvent(Event *)]: tic nextTime 91.2
[DEBUG][./src/Tictoc.cc:44 virtual void Tictoc::handleEvent(Event *)]: toc nextTime 91.4
[DEBUG][./src/Tictoc.cc:44 virtual void Tictoc::handleEvent(Event *)]: tic nextTime 91.5
[DEBUG][./src/Tictoc.cc:44 virtual void Tictoc::handleEvent(Event *)]: toc nextTime 91.7
[DEBUG][./src/Tictoc.cc:44 virtual void Tictoc::handleEvent(Event *)]: tic nextTime 91.8
[DEBUG][./src/Tictoc.cc:44 virtual void Tictoc::handleEvent(Event *)]: toc nextTime 92
[DEBUG][./src/Tictoc.cc:44 virtual void Tictoc::handleEvent(Event *)]: tic nextTime 92.1
[DEBUG][./src/Tictoc.cc:44 virtual void Tictoc::handleEvent(Event *)]: toc nextTime 92.3
[DEBUG][./src/Tictoc.cc:44 virtual void Tictoc::handleEvent(Event *)]: tic nextTime 92.4
[DEBUG][./src/Tictoc.cc:44 virtual void Tictoc::handleEvent(Event *)]: toc nextTime 92.6
[DEBUG][./src/Tictoc.cc:44 virtual void Tictoc::handleEvent(Event *)]: tic nextTime 92.7
[DEBUG][./src/Tictoc.cc:44 virtual void Tictoc::handleEvent(Event *)]: toc nextTime 92.9
[DEBUG][./src/Tictoc.cc:44 virtual void Tictoc::handleEvent(Event *)]: tic nextTime 93
[DEBUG][./src/Tictoc.cc:44 virtual void Tictoc::handleEvent(Event *)]: toc nextTime 93.2
[DEBUG][./src/Tictoc.cc:44 virtual void Tictoc::handleEvent(Event *)]: tic nextTime 93.3
[DEBUG][./src/Tictoc.cc:44 virtual void Tictoc::handleEvent(Event *)]: toc nextTime 93.5
[DEBUG][./src/Tictoc.cc:44 virtual void Tictoc::handleEvent(Event *)]: tic nextTime 93.6
[DEBUG][./src/Tictoc.cc:44 virtual void Tictoc::handleEvent(Event *)]: toc nextTime 93.8
[DEBUG][./src/Tictoc.cc:44 virtual void Tictoc::handleEvent(Event *)]: tic nextTime 93.9
[DEBUG][./src/Tictoc.cc:44 virtual void Tictoc::handleEvent(Event *)]: toc nextTime 94.1
[DEBUG][./src/Tictoc.cc:44 virtual void Tictoc::handleEvent(Event *)]: tic nextTime 94.2
[DEBUG][./src/Tictoc.cc:44 virtual void Tictoc::handleEvent(Event *)]: toc nextTime 94.4
[DEBUG][./src/Tictoc.cc:44 virtual void Tictoc::handleEvent(Event *)]: tic nextTime 94.5
[DEBUG][./src/Tictoc.cc:44 virtual void Tictoc::handleEvent(Event *)]: toc nextTime 94.7
[DEBUG][./src/Tictoc.cc:44 virtual void Tictoc::handleEvent(Event *)]: tic nextTime 94.8
[DEBUG][./src/Tictoc.cc:44 virtual void Tictoc::handleEvent(Event *)]: toc nextTime 95
[DEBUG][./src/Tictoc.cc:44 virtual void Tictoc::handleEvent(Event *)]: tic nextTime 95.1
[DEBUG][./src/Tictoc.cc:44 virtual void Tictoc::handleEvent(Event *)]: toc nextTime 95.3
[DEBUG][./src/Tictoc.cc:44 virtual void Tictoc::handleEvent(Event *)]: tic nextTime 95.4
[DEBUG][./src/Tictoc.cc:44 virtual void Tictoc::handleEvent(Event *)]: toc nextTime 95.6
[DEBUG][./src/Tictoc.cc:44 virtual void Tictoc::handleEvent(Event *)]: tic nextTime 95.7
[DEBUG][./src/Tictoc.cc:44 virtual void Tictoc::handleEvent(Event *)]: toc nextTime 95.9
[DEBUG][./src/Tictoc.cc:44 virtual void Tictoc::handleEvent(Event *)]: tic nextTime 96
[DEBUG][./src/Tictoc.cc:44 virtual void Tictoc::handleEvent(Event *)]: toc nextTime 96.2
[DEBUG][./src/Tictoc.cc:44 virtual void Tictoc::handleEvent(Event *)]: tic nextTime 96.3
[DEBUG][./src/Tictoc.cc:44 virtual void Tictoc::handleEvent(Event *)]: toc nextTime 96.5
[DEBUG][./src/Tictoc.cc:44 virtual void Tictoc::handleEvent(Event *)]: tic nextTime 96.6
[DEBUG][./src/Tictoc.cc:44 virtual void Tictoc::handleEvent(Event *)]: toc nextTime 96.8
[DEBUG][./src/Tictoc.cc:44 virtual void Tictoc::handleEvent(Event *)]: tic nextTime 96.9
[DEBUG][./src/Tictoc.cc:44 virtual void Tictoc::handleEvent(Event *)]: toc nextTime 97.1
[DEBUG][./src/Tictoc.cc:44 virtual void Tictoc::handleEvent(Event *)]: tic nextTime 97.2
[DEBUG][./src/Tictoc.cc:44 virtual void Tictoc::handleEvent(Event *)]: toc nextTime 97.4
[DEBUG][./src/Tictoc.cc:44 virtual void Tictoc::handleEvent(Event *)]: tic nextTime 97.5
[DEBUG][./src/Tictoc.cc:44 virtual void Tictoc::handleEvent(Event *)]: toc nextTime 97.7
[DEBUG][./src/Tictoc.cc:44 virtual void Tictoc::handleEvent(Event *)]: tic nextTime 97.8
[DEBUG][./src/Tictoc.cc:44 virtual void Tictoc::handleEvent(Event *)]: toc nextTime 98
[DEBUG][./src/Tictoc.cc:44 virtual void Tictoc::handleEvent(Event *)]: tic nextTime 98.1
[DEBUG][./src/Tictoc.cc:44 virtual void Tictoc::handleEvent(Event *)]: toc nextTime 98.3
[DEBUG][./src/Tictoc.cc:44 virtual void Tictoc::handleEvent(Event *)]: tic nextTime 98.4
[DEBUG][./src/Tictoc.cc:44 virtual void Tictoc::handleEvent(Event *)]: toc nextTime 98.6
[DEBUG][./src/Tictoc.cc:44 virtual void Tictoc::handleEvent(Event *)]: tic nextTime 98.7
[DEBUG][./src/Tictoc.cc:44 virtual void Tictoc::handleEvent(Event *)]: toc nextTime 98.9
[DEBUG][./src/Tictoc.cc:44 virtual void Tictoc::handleEvent(Event *)]: tic nextTime 99
[DEBUG][./src/Tictoc.cc:44 virtual void Tictoc::handleEvent(Event *)]: toc nextTime 99.2
[DEBUG][./src/Tictoc.cc:44 virtual void Tictoc::handleEvent(Event *)]: tic nextTime 99.3
[DEBUG][./src/Tictoc.cc:44 virtual void Tictoc::handleEvent(Event *)]: toc nextTime 99.5
[DEBUG][./src/Tictoc.cc:44 virtual void Tictoc::handleEvent(Event *)]: tic nextTime 99.6
[DEBUG][./src/Tictoc.cc:44 virtual void Tictoc::handleEvent(Event *)]: toc nextTime 99.8
[DEBUG][./src/Tictoc.cc:44 virtual void Tictoc::handleEvent(Event *)]: tic nextTime 99.9
[DEBUG][./src/Tictoc.cc:44 virtual void Tictoc::handleEvent(Event *)]: toc nextTime 100.1
[INFO][void Simulation::run()]: Time limit reached
[INFO][void Simulation::run()]: Execution time 0.001301 seconds; 667 events; 512683 events/second; avg simsec/second 76940.814758
[INFO][void Simulation::run()]: Empty FES
[DEBUG][../../src/Domain.cc:59 void Domain::finalize()]: Removing module from domain
[DEBUG][../../src/Domain.cc:59 void Domain::finalize()]: Removing module from domain
[INFO][void Simulation::reset()]: Removing config
[INFO][void Simulation::reset()]: Removing FES
[INFO][void Simulation::reset()]: Removing simulation domain
